<?xml version="1.0" encoding="UTF-8"?>
<!-- Generated by org.testng.reporters.JUnitXMLReporter -->
<testsuite hostname="DESKTOP-UMIN471" name="Default test" tests="5" failures="0" timestamp="21 Mar 2022 11:15:31 GMT" time="18.64" errors="0">
  <testcase name="createUser" time="10.448" classname="ibm.rtl.sntbdjj"/>
  <testcase name="login" time="1.92" classname="ibm.rtl.sntbdjj"/>
  <testcase name="edit" time="2.047" classname="ibm.rtl.sntbdjj"/>
  <testcase name="logout" time="1.883" classname="ibm.rtl.sntbdjj"/>
  <testcase name="delete" time="2.267" classname="ibm.rtl.sntbdjj"/>
</testsuite> <!-- Default test -->
