<?xml version="1.0" encoding="UTF-8"?>
<!-- Generated by org.testng.reporters.JUnitXMLReporter -->
<testsuite hostname="DESKTOP-UMIN471" name="Default test(failed)(failed)" tests="7" failures="0" timestamp="21 Mar 2022 05:38:36 GMT" time="0.498" errors="0">
  <testcase name="@BeforeMethod login" time="0.0" classname="ibm.rtl.rtl1">
    <failure type="java.lang.IllegalStateException" message="The driver executable must exist: E:\chromedriver.exe">
      <![CDATA[java.lang.IllegalStateException: The driver executable must exist: E:\chromedriver.exe
	at org.openqa.selenium.internal.Require$FileStateChecker.isFile(Require.java:342)
	at org.openqa.selenium.remote.service.DriverService.checkExecutable(DriverService.java:147)
	at org.openqa.selenium.remote.service.DriverService.findExecutable(DriverService.java:142)
	at org.openqa.selenium.chrome.ChromeDriverService.access$000(ChromeDriverService.java:38)
	at org.openqa.selenium.chrome.ChromeDriverService$Builder.findDefaultExecutable(ChromeDriverService.java:231)
	at org.openqa.selenium.remote.service.DriverService$Builder.build(DriverService.java:437)
	at org.openqa.selenium.chrome.ChromeDriverService.createDefaultService(ChromeDriverService.java:127)
	at org.openqa.selenium.chrome.ChromeDriver.<init>(ChromeDriver.java:48)
	at ibm.rtl.rtl1.login(rtl1.java:19)
... Removed 26 stack frames]]>
    </failure>
  </testcase> <!-- @BeforeMethod login -->
  <testcase name="@AfterMethod close" time="0.0" classname="ibm.rtl.rtl1">
    <skipped/>
  </testcase> <!-- @AfterMethod close -->
  <testcase name="@BeforeMethod login" time="0.0" classname="ibm.rtl.rtl1">
    <skipped/>
  </testcase> <!-- @BeforeMethod login -->
  <testcase name="@AfterMethod close" time="0.0" classname="ibm.rtl.rtl1">
    <skipped/>
  </testcase> <!-- @AfterMethod close -->
  <testcase name="@BeforeMethod login" time="0.0" classname="ibm.rtl.rtl1">
    <skipped/>
  </testcase> <!-- @BeforeMethod login -->
  <testcase name="@AfterMethod close" time="0.0" classname="ibm.rtl.rtl1">
    <skipped/>
  </testcase> <!-- @AfterMethod close -->
  <testcase name="@BeforeMethod login" time="0.0" classname="ibm.rtl.rtl1">
    <skipped/>
  </testcase> <!-- @BeforeMethod login -->
  <testcase name="@AfterMethod close" time="0.0" classname="ibm.rtl.rtl1">
    <skipped/>
  </testcase> <!-- @AfterMethod close -->
  <testcase name="@BeforeMethod login" time="0.0" classname="ibm.rtl.rtl1">
    <skipped/>
  </testcase> <!-- @BeforeMethod login -->
  <testcase name="@AfterMethod close" time="0.0" classname="ibm.rtl.rtl1">
    <skipped/>
  </testcase> <!-- @AfterMethod close -->
  <testcase name="@BeforeMethod login" time="0.0" classname="ibm.rtl.rtl1">
    <skipped/>
  </testcase> <!-- @BeforeMethod login -->
  <testcase name="@AfterMethod close" time="0.0" classname="ibm.rtl.rtl1">
    <skipped/>
  </testcase> <!-- @AfterMethod close -->
  <testcase name="@BeforeMethod login" time="0.0" classname="ibm.rtl.rtl1">
    <skipped/>
  </testcase> <!-- @BeforeMethod login -->
  <testcase name="@AfterMethod close" time="0.0" classname="ibm.rtl.rtl1">
    <skipped/>
  </testcase> <!-- @AfterMethod close -->
  <testcase name="select_model" time="0.002" classname="ibm.rtl.rtl1">
    <skipped/>
  </testcase> <!-- select_model -->
  <testcase name="select_product" time="0.0" classname="ibm.rtl.rtl1">
    <skipped/>
  </testcase> <!-- select_product -->
  <testcase name="select_total" time="0.001" classname="ibm.rtl.rtl1">
    <skipped/>
  </testcase> <!-- select_total -->
  <testcase name="select_customer_name" time="0.001" classname="ibm.rtl.rtl1">
    <skipped/>
  </testcase> <!-- select_customer_name -->
  <testcase name="select_mail_option" time="0.005" classname="ibm.rtl.rtl1">
    <skipped/>
  </testcase> <!-- select_mail_option -->
  <testcase name="select_order_id" time="0.005" classname="ibm.rtl.rtl1">
    <skipped/>
  </testcase> <!-- select_order_id -->
  <testcase name="select_return_id" time="0.004" classname="ibm.rtl.rtl1">
    <skipped/>
  </testcase> <!-- select_return_id -->
</testsuite> <!-- Default test(failed)(failed) -->
